# Last generation population (Feasible and non-dominated)
# Fitness_vector (first 2)  Constraint_violation (next 1)  Overall_penalty
1.026905	1.001210	0.959004	0.000000	
1.026905	1.001210	0.959004	0.000000	
1.026905	1.001210	0.959004	0.000000	
1.026905	1.001210	0.959004	0.000000	
1.026905	1.001210	0.959004	0.000000	
1.026905	1.001210	0.959004	0.000000	
1.026905	1.001210	0.959004	0.000000	
1.026905	1.001210	0.959004	0.000000	
1.026905	1.001210	0.959004	0.000000	
1.026905	1.001210	0.959004	0.000000	
1.026905	1.001210	0.959004	0.000000	
1.026905	1.001210	0.959004	0.000000	
1.026905	1.001210	0.959004	0.000000	
1.026905	1.001210	0.959004	0.000000	
1.026905	1.001210	0.959004	0.000000	
1.026905	1.001210	0.959004	0.000000	
1.026905	1.001210	0.959004	0.000000	
1.026905	1.001210	0.959004	0.000000	
1.026905	1.001210	0.959004	0.000000	
1.026905	1.001210	0.959004	0.000000	
